<?xml version="1.0" encoding="UTF-8"?>
<!-- Generated by org.testng.reporters.JUnitReportReporter -->
<testsuite hostname="DESKTOP-3EB4RTA" failures="0" tests="1" name="APIClass.CourseSumValidation" time="2.663" errors="0" timestamp="2023-11-10T14:09:05 IST" skipped="0">
  <testcase classname="APIClass.CourseSumValidation" name="SumOfCourseMatching" time="2.663"/>
</testsuite> <!-- APIClass.CourseSumValidation -->
