<?xml version="1.0" encoding="UTF-8"?>
<!-- Generated by org.testng.reporters.JUnitReportReporter -->
<testsuite hostname="DESKTOP-3EB4RTA" failures="0" tests="4" name="APIClass.DynamicJson" time="9.561" errors="0" timestamp="2024-02-05T18:18:48 IST" skipped="0">
  <testcase classname="APIClass.DynamicJson" name="addBook" time="0.240"/>
  <testcase classname="APIClass.DynamicJson" name="addBook" time="8.806"/>
  <testcase classname="APIClass.DynamicJson" name="addBook" time="0.229"/>
  <testcase classname="APIClass.DynamicJson" name="addBook" time="0.286"/>
</testsuite> <!-- APIClass.DynamicJson -->
