<?xml version="1.0" encoding="UTF-8"?>
<!-- Generated by org.testng.reporters.JUnitReportReporter -->
<testsuite hostname="DESKTOP-3EB4RTA" failures="0" tests="1" name="ExcellThroughMAP.AddBookAPI" time="5.842" errors="0" timestamp="2024-02-05T22:38:36 IST" skipped="0">
  <testcase classname="ExcellThroughMAP.AddBookAPI" name="addBookDataMap" time="5.842"/>
</testsuite> <!-- ExcellThroughMAP.AddBookAPI -->
